  AssetsManager.cpp
  AssetsManagerEx.cpp
  CCEventAssetsManagerEx.cpp
  CCEventListenerAssetsManagerEx.cpp
  Manifest.cpp
c:\users\ky3-4\documents\cocos2d-x\cocosstudy\cocos2d\cocos\base/ccUTF8.h : warning C4819: 현재 코드 페이지(949)에서 표시할 수 없는 문자가 파일에 들어 있습니다. 데이터가 손실되지 않게 하려면 해당 파일을 유니코드 형식으로 저장하십시오. (소스 파일 컴파일 중 ..\..\extensions\assets-manager\CCEventListenerAssetsManagerEx.cpp)
  CCControl.cpp
c:\users\ky3-4\documents\cocos2d-x\cocosstudy\cocos2d\cocos\physics/CCPhysicsBody.h : warning C4819: 현재 코드 페이지(949)에서 표시할 수 없는 문자가 파일에 들어 있습니다. 데이터가 손실되지 않게 하려면 해당 파일을 유니코드 형식으로 저장하십시오. (소스 파일 컴파일 중 ..\..\extensions\assets-manager\CCEventListenerAssetsManagerEx.cpp)
c:\users\ky3-4\documents\cocos2d-x\cocosstudy\cocos2d\cocos\physics/CCPhysicsShape.h : warning C4819: 현재 코드 페이지(949)에서 표시할 수 없는 문자가 파일에 들어 있습니다. 데이터가 손실되지 않게 하려면 해당 파일을 유니코드 형식으로 저장하십시오. (소스 파일 컴파일 중 ..\..\extensions\assets-manager\CCEventListenerAssetsManagerEx.cpp)
c:\users\ky3-4\documents\cocos2d-x\cocosstudy\cocos2d\cocos\platform/CCSAXParser.h : warning C4819: 현재 코드 페이지(949)에서 표시할 수 없는 문자가 파일에 들어 있습니다. 데이터가 손실되지 않게 하려면 해당 파일을 유니코드 형식으로 저장하십시오. (소스 파일 컴파일 중 ..\..\extensions\assets-manager\CCEventListenerAssetsManagerEx.cpp)
  CCControlButton.cpp
  CCControlColourPicker.cpp
  CCControlHuePicker.cpp
  CCControlPotentiometer.cpp
c:\users\ky3-4\documents\cocos2d-x\cocosstudy\cocos2d\extensions\gui\cccontrolextension\CCControlPotentiometer.h : warning C4819: 현재 코드 페이지(949)에서 표시할 수 없는 문자가 파일에 들어 있습니다. 데이터가 손실되지 않게 하려면 해당 파일을 유니코드 형식으로 저장하십시오. (소스 파일 컴파일 중 ..\..\extensions\GUI\CCControlExtension\CCControlPotentiometer.cpp)
  CCControlSaturationBrightnessPicker.cpp
  CCControlSlider.cpp
  CCControlStepper.cpp
  CCControlSwitch.cpp
  CCControlUtils.cpp
  CCInvocation.cpp
  CCScrollView.cpp
  CCTableView.cpp
  CCTableViewCell.cpp
  CCParticle3DAffector.cpp
  CCParticle3DEmitter.cpp
  CCParticle3DRender.cpp
  CCParticleSystem3D.cpp
  CCPUAffector.cpp
