c:\users\ky3-4\documents\cocos2d-x\cocosstudy\proj.win32\debug.win32\main.obj
c:\users\ky3-4\documents\cocos2d-x\cocosstudy\proj.win32\debug.win32\appdelegate.obj
c:\users\ky3-4\documents\cocos2d-x\cocosstudy\proj.win32\debug.win32\helloworldscene.obj
c:\users\ky3-4\documents\cocos2d-x\cocosstudy\proj.win32\debug.win32\vc140.pdb
c:\users\ky3-4\documents\cocos2d-x\cocosstudy\proj.win32\debug.win32\cocosstudy.lib
c:\users\ky3-4\documents\cocos2d-x\cocosstudy\proj.win32\debug.win32\cocosstudy.exp
c:\users\ky3-4\documents\cocos2d-x\cocosstudy\proj.win32\cocosstudy.cab
c:\users\ky3-4\documents\cocos2d-x\cocosstudy\proj.win32\debug.win32\cocosstudy.ilk
c:\users\ky3-4\documents\cocos2d-x\cocosstudy\proj.win32\debug.win32\cocosstudy.exe
c:\users\ky3-4\documents\cocos2d-x\cocosstudy\proj.win32\debug.win32\cocosstudy.pdb
c:\users\ky3-4\documents\cocos2d-x\cocosstudy\proj.win32\debug.win32\game.res
c:\users\ky3-4\documents\cocos2d-x\cocosstudy\proj.win32\debug.win32\cocosstudy.vcxprojresolveassemblyreference.cache
c:\users\ky3-4\documents\cocos2d-x\cocosstudy\proj.win32\debug.win32\vc140.idb
c:\users\ky3-4\documents\cocos2d-x\cocosstudy\proj.win32\debug.win32\cocosstudy.tlog\cl.command.1.tlog
c:\users\ky3-4\documents\cocos2d-x\cocosstudy\proj.win32\debug.win32\cocosstudy.tlog\cl.read.1.tlog
c:\users\ky3-4\documents\cocos2d-x\cocosstudy\proj.win32\debug.win32\cocosstudy.tlog\cl.write.1.tlog
c:\users\ky3-4\documents\cocos2d-x\cocosstudy\proj.win32\debug.win32\cocosstudy.tlog\cocosstudy.write.1u.tlog
c:\users\ky3-4\documents\cocos2d-x\cocosstudy\proj.win32\debug.win32\cocosstudy.tlog\link.command.1.tlog
c:\users\ky3-4\documents\cocos2d-x\cocosstudy\proj.win32\debug.win32\cocosstudy.tlog\link.read.1.tlog
c:\users\ky3-4\documents\cocos2d-x\cocosstudy\proj.win32\debug.win32\cocosstudy.tlog\link.write.1.tlog
c:\users\ky3-4\documents\cocos2d-x\cocosstudy\proj.win32\debug.win32\cocosstudy.tlog\rc.command.1.tlog
c:\users\ky3-4\documents\cocos2d-x\cocosstudy\proj.win32\debug.win32\cocosstudy.tlog\rc.read.1.tlog
c:\users\ky3-4\documents\cocos2d-x\cocosstudy\proj.win32\debug.win32\cocosstudy.tlog\rc.write.1.tlog
