  AppDelegate.cpp
  main.cpp
  HelloWorldScene.cpp
c:\users\ky3-4\documents\cocos2d-x\cocosstudy\cocos2d\cocos\base\ccutf8.h : warning C4819: 현재 코드 페이지(949)에서 표시할 수 없는 문자가 파일에 들어 있습니다. 데이터가 손실되지 않게 하려면 해당 파일을 유니코드 형식으로 저장하십시오. (소스 파일 컴파일 중 main.cpp)
c:\users\ky3-4\documents\cocos2d-x\cocosstudy\cocos2d\cocos\base\ccutf8.h : warning C4819: 현재 코드 페이지(949)에서 표시할 수 없는 문자가 파일에 들어 있습니다. 데이터가 손실되지 않게 하려면 해당 파일을 유니코드 형식으로 저장하십시오. (소스 파일 컴파일 중 ..\Contents\Etc. Exam\09. BrickGame\Classes\AppDelegate.cpp)
c:\users\ky3-4\documents\cocos2d-x\cocosstudy\cocos2d\cocos\base\ccutf8.h : warning C4819: 현재 코드 페이지(949)에서 표시할 수 없는 문자가 파일에 들어 있습니다. 데이터가 손실되지 않게 하려면 해당 파일을 유니코드 형식으로 저장하십시오. (소스 파일 컴파일 중 ..\Contents\Etc. Exam\09. BrickGame\Classes\HelloWorldScene.cpp)
c:\users\ky3-4\documents\cocos2d-x\cocosstudy\cocos2d\cocos\physics\ccphysicsbody.h : warning C4819: 현재 코드 페이지(949)에서 표시할 수 없는 문자가 파일에 들어 있습니다. 데이터가 손실되지 않게 하려면 해당 파일을 유니코드 형식으로 저장하십시오. (소스 파일 컴파일 중 ..\Contents\Etc. Exam\09. BrickGame\Classes\AppDelegate.cpp)
c:\users\ky3-4\documents\cocos2d-x\cocosstudy\cocos2d\cocos\physics\ccphysicsbody.h : warning C4819: 현재 코드 페이지(949)에서 표시할 수 없는 문자가 파일에 들어 있습니다. 데이터가 손실되지 않게 하려면 해당 파일을 유니코드 형식으로 저장하십시오. (소스 파일 컴파일 중 main.cpp)
c:\users\ky3-4\documents\cocos2d-x\cocosstudy\cocos2d\cocos\physics\ccphysicsbody.h : warning C4819: 현재 코드 페이지(949)에서 표시할 수 없는 문자가 파일에 들어 있습니다. 데이터가 손실되지 않게 하려면 해당 파일을 유니코드 형식으로 저장하십시오. (소스 파일 컴파일 중 ..\Contents\Etc. Exam\09. BrickGame\Classes\HelloWorldScene.cpp)
c:\users\ky3-4\documents\cocos2d-x\cocosstudy\cocos2d\cocos\physics\ccphysicsshape.h : warning C4819: 현재 코드 페이지(949)에서 표시할 수 없는 문자가 파일에 들어 있습니다. 데이터가 손실되지 않게 하려면 해당 파일을 유니코드 형식으로 저장하십시오. (소스 파일 컴파일 중 main.cpp)
c:\users\ky3-4\documents\cocos2d-x\cocosstudy\cocos2d\cocos\physics\ccphysicsshape.h : warning C4819: 현재 코드 페이지(949)에서 표시할 수 없는 문자가 파일에 들어 있습니다. 데이터가 손실되지 않게 하려면 해당 파일을 유니코드 형식으로 저장하십시오. (소스 파일 컴파일 중 ..\Contents\Etc. Exam\09. BrickGame\Classes\AppDelegate.cpp)
c:\users\ky3-4\documents\cocos2d-x\cocosstudy\cocos2d\cocos\physics\ccphysicsshape.h : warning C4819: 현재 코드 페이지(949)에서 표시할 수 없는 문자가 파일에 들어 있습니다. 데이터가 손실되지 않게 하려면 해당 파일을 유니코드 형식으로 저장하십시오. (소스 파일 컴파일 중 ..\Contents\Etc. Exam\09. BrickGame\Classes\HelloWorldScene.cpp)
c:\users\ky3-4\documents\cocos2d-x\cocosstudy\cocos2d\cocos\platform\ccsaxparser.h : warning C4819: 현재 코드 페이지(949)에서 표시할 수 없는 문자가 파일에 들어 있습니다. 데이터가 손실되지 않게 하려면 해당 파일을 유니코드 형식으로 저장하십시오. (소스 파일 컴파일 중 ..\Contents\Etc. Exam\09. BrickGame\Classes\HelloWorldScene.cpp)
c:\users\ky3-4\documents\cocos2d-x\cocosstudy\cocos2d\cocos\platform\ccsaxparser.h : warning C4819: 현재 코드 페이지(949)에서 표시할 수 없는 문자가 파일에 들어 있습니다. 데이터가 손실되지 않게 하려면 해당 파일을 유니코드 형식으로 저장하십시오. (소스 파일 컴파일 중 ..\Contents\Etc. Exam\09. BrickGame\Classes\AppDelegate.cpp)
c:\users\ky3-4\documents\cocos2d-x\cocosstudy\cocos2d\cocos\platform\ccsaxparser.h : warning C4819: 현재 코드 페이지(949)에서 표시할 수 없는 문자가 파일에 들어 있습니다. 데이터가 손실되지 않게 하려면 해당 파일을 유니코드 형식으로 저장하십시오. (소스 파일 컴파일 중 main.cpp)
c:\users\ky3-4\documents\cocos2d-x\cocosstudy\contents\etc. exam\09. brickgame\classes\appdelegate.cpp(54): warning C4305: '인수': 'double'에서 'float'(으)로 잘립니다.
c:\users\ky3-4\documents\cocos2d-x\cocosstudy\contents\etc. exam\09. brickgame\classes\helloworldscene.cpp(190): warning C4996: 'cocos2d::Node::unscheduleAllSelectors': deprecated로 선언되었습니다.
  c:\users\ky3-4\documents\cocos2d-x\cocosstudy\cocos2d\cocos\2d\ccnode.h(1456): note: 'cocos2d::Node::unscheduleAllSelectors' 선언을 참조하십시오.
c:\users\ky3-4\documents\cocos2d-x\cocosstudy\contents\etc. exam\09. brickgame\classes\helloworldscene.cpp(212): warning C4996: 'cocos2d::Node::unscheduleAllSelectors': deprecated로 선언되었습니다.
  c:\users\ky3-4\documents\cocos2d-x\cocosstudy\cocos2d\cocos\2d\ccnode.h(1456): note: 'cocos2d::Node::unscheduleAllSelectors' 선언을 참조하십시오.
AppDelegate.obj : warning LNK4075: '/EDITANDCONTINUE'이(가) '/SAFESEH' 사양으로 인해 무시됩니다.
     C:\Users\ky3-4\Documents\cocos2d-x\CocosStudy\proj.win32\Debug.win32\CocosStudy.lib 라이브러리 및 C:\Users\ky3-4\Documents\cocos2d-x\CocosStudy\proj.win32\Debug.win32\CocosStudy.exp 개체를 생성하고 있습니다.
  CocosStudy.vcxproj -> C:\Users\ky3-4\Documents\cocos2d-x\CocosStudy\proj.win32\Debug.win32\CocosStudy.exe
  C:\Users\ky3-4\Documents\cocos2d-x\CocosStudy\Resources\TileMaps\AStar1.tmx -> C:\Users\ky3-4\Documents\cocos2d-x\CocosStudy\proj.win32\Debug.win32\TileMaps\AStar1.tmx
  1 File(s) copied
