C:\Program Files (x86)\MSBuild\Microsoft.Cpp\v4.0\V140\Microsoft.CppBuild.targets(392,5): warning MSB8028: The intermediate directory (Debug\) contains files shared from another project (C++AndCStudy.vcxproj).  This can lead to incorrect clean and rebuild behavior.
  Qu20_02.c
  Qu20_01.c
  Qu16-3.c
  Qu16-2.c
  Qu16-1.c
  Qu15_04.c
  Qu15_03.c
  Qu15_02.c
  Qu15_01.c
  Qu13_14.c
  Qu13_13.c
  Qu13_12.c
  Qu13_11.c
  Qu11-05.c
  Qu11-04.c
  Qu11-03.c
  Qu11-02.c
  Qu11-01.c
  Ch17_DoublepointerAccess.c
  Ch16-TwoDimArraySize.c
  코드를 생성하고 있습니다...
  컴파일하고 있습니다...
  Ch16-TwoDidArraySize.c
  Ch16-ThreeDimArrayAccess.c
  Ch14_CallByValueSwap.c
  Ch14_CallByRefSwap.c
  Ch14_ArrayParam.c
  Ch13_TwoStringType.c
  Ch13_StringArray.c
  Ch13_PointerOperationResult.c
  Ch13_PointerBAseArrayAccess.c
  Ch13_ArrayNameType.c
  Ch13_ArrayNameIsPointer.c
  Ch12_Quiz.c
  Ch12_PointerOperation.c
  Ch11_ReadString.c
  Ch11_ArrayString.c
  Ch11_ArrayInit.c
  Ch11_ArrayAccess.c
  Ch09_StaticLocalVariable.c
  Ch09_SmartAddFunc.c
  Ch09_SimpleAddFunc.c
  코드를 생성하고 있습니다...
  컴파일하고 있습니다...
  Ch09_ReculsiveFunc.c
  Ch09_Qu03.c
  Ch09_Qu02.c
  Ch09_Qu01.c
  Ch09_LocalValHideVal.c
  Ch09_LocalValHideGlobalVal.c
  Ch09_GlovalVariable.c
  Ch09_ReculsiveFactorial.c
  Ch08_ThreeOperand.c
  Ch08_SwitchEnglishSchool2.c
  Ch08_Qu05.c
  Ch08_Qu04.c
  Ch08_Qu03.c
  Ch08_Qu02.c
  Ch08_Qu01.c
  Ch08_IfElseBasic.c
  Ch08_IfBasic.c
  Ch08_GoToBasic.c
  Ch08_ContinueBasic.c
  Ch08_CalTwo.c
  코드를 생성하고 있습니다...
  컴파일하고 있습니다...
  Ch08_BreakBasic.c
  Ch08_AbsoCompare.c
  Ch07_UsefulDoWhile.c
  Ch07_TwoToNine.c
  Ch07_SimpleWhile.c
  Ch07_Qu10.c
  Ch07_Qu09.c
  Ch07_Qu08.c
  Ch07_qu07.c
  Ch07_Qu06.c
  Ch07_Qu05.c
  Ch07_Qu04.c
  Ch07_Qu03.c
  Ch07_Qu02.c
  Ch07_Qu01.c
  Ch07_NineNineDan.c
  Ch07_ForAddToNum.c
  Ch07_ExecWhile.c
  Ch06_FieldWidth.c
  Ch04_BitLeftShift.c
  코드를 생성하고 있습니다...
  컴파일하고 있습니다...
  Ch04_BitAndOperation.c
  Ch03_VarDeclAndInit.c
  Ch03_SimpleAddThree.c
  Ch03_Question.c
  Ch03_OperatorFour.c
  UpDownGame.c
  SelectionSort.c
  ISnumber.c
  Ex_RPSGame.c
  Calendar.c
  BubbleSort.c
  BaseBall.c
  코드를 생성하고 있습니다...
  C++AndCStudy.vcxproj -> C:\Users\Jung Hokyun\Documents\GIT\CStudy\Debug\CStudy.exe
