c:\users\ky3-4\source\repos\mystudy\c++study\c++study\debug\vc140.pdb
c:\users\ky3-4\source\repos\mystudy\c++study\c++study\debug\vc140.idb
c:\users\ky3-4\source\repos\mystudy\c++study\c++study\debug\chapter3_09.obj
c:\users\ky3-4\source\repos\mystudy\c++study\c++study\debug\chapter3_10.obj
c:\users\ky3-4\source\repos\mystudy\c++study\c++study\debug\chapter3_11.obj
c:\users\ky3-4\source\repos\mystudy\c++study\c++study\debug\chapter3_12.obj
c:\users\ky3-4\source\repos\mystudy\c++study\c++study\debug\chapter4_01.obj
c:\users\ky3-4\source\repos\mystudy\c++study\c++study\debug\chapter4_02.obj
c:\users\ky3-4\source\repos\mystudy\c++study\c++study\debug\chapter4_03.obj
c:\users\ky3-4\source\repos\mystudy\c++study\c++study\debug\chapter4_04.obj
c:\users\ky3-4\source\repos\mystudy\c++study\c++study\debug\chapter4_05.obj
c:\users\ky3-4\source\repos\mystudy\c++study\c++study\debug\chapter4_06.obj
c:\users\ky3-4\source\repos\mystudy\c++study\c++study\debug\chapter4_07.obj
c:\users\ky3-4\source\repos\mystudy\c++study\c++study\debug\chapter4_08.obj
c:\users\ky3-4\source\repos\mystudy\c++study\c++study\debug\chapter4_exam.obj
c:\users\ky3-4\source\repos\mystudy\c++study\c++study\debug\chapter5_01.obj
c:\users\ky3-4\source\repos\mystudy\c++study\c++study\debug\chapter5_02.obj
c:\users\ky3-4\source\repos\mystudy\c++study\c++study\debug\chapter5_03.obj
c:\users\ky3-4\source\repos\mystudy\c++study\c++study\debug\chapter5_04.obj
c:\users\ky3-4\source\repos\mystudy\c++study\c++study\debug\chapter5_05.obj
c:\users\ky3-4\source\repos\mystudy\c++study\c++study\debug\chapter5_exam_01.obj
c:\users\ky3-4\source\repos\mystudy\c++study\c++study\debug\chapter5_exam_02.obj
c:\users\ky3-4\source\repos\mystudy\c++study\c++study\debug\chapter6_01.obj
c:\users\ky3-4\source\repos\mystudy\c++study\c++study\debug\chapter6_02.obj
c:\users\ky3-4\source\repos\mystudy\c++study\c++study\debug\chapter3_01.obj
c:\users\ky3-4\source\repos\mystudy\c++study\c++study\debug\chapter3_03.obj
c:\users\ky3-4\source\repos\mystudy\c++study\c++study\debug\chapter3_06.obj
c:\users\ky3-4\source\repos\mystudy\c++study\c++study\debug\chapter3_07.obj
c:\users\ky3-4\source\repos\mystudy\c++study\c++study\debug\chapter6_exam_01.obj
c:\users\ky3-4\source\repos\mystudy\c++study\c++study\debug\chapter7_01.obj
c:\users\ky3-4\source\repos\mystudy\c++study\c++study\debug\chapter7_02.obj
c:\users\ky3-4\source\repos\mystudy\c++study\debug\c++study.ilk
c:\users\ky3-4\source\repos\mystudy\c++study\debug\c++study.exe
c:\users\ky3-4\source\repos\mystudy\c++study\debug\c++study.pdb
c:\users\ky3-4\source\repos\mystudy\c++study\c++study\debug\c++study.tlog\cl.command.1.tlog
c:\users\ky3-4\source\repos\mystudy\c++study\c++study\debug\c++study.tlog\cl.read.1.tlog
c:\users\ky3-4\source\repos\mystudy\c++study\c++study\debug\c++study.tlog\cl.write.1.tlog
c:\users\ky3-4\source\repos\mystudy\c++study\c++study\debug\c++study.tlog\link.command.1.tlog
c:\users\ky3-4\source\repos\mystudy\c++study\c++study\debug\c++study.tlog\link.read.1.tlog
c:\users\ky3-4\source\repos\mystudy\c++study\c++study\debug\c++study.tlog\link.write.1.tlog
