  Chapter8_01.cpp
  Chapter08_Exam_01.cpp
  Chapter7_02.cpp
  Chapter7_01.cpp
  Chapter5_Exam_02.cpp
  Chapter5_Exam_01.cpp
  Chapter5_05.cpp
  Chapter5_04.cpp
  Chapter5_03.cpp
  Chapter5_02.cpp
  Chapter5_01.cpp
  Chapter4_Exam.cpp
  Chapter4_08.cpp
  Chapter4_07.cpp
  Chapter4_06.cpp
  Chapter4_05.cpp
  Chapter4_04.cpp
  Chapter4_03.cpp
  Chapter4_02.cpp
  Chapter4_01.cpp
  코드를 생성하고 있습니다...
  컴파일하고 있습니다...
  Chapter3_12.cpp
  Chapter3_11.cpp
  Chapter3_10.cpp
  Chapter3_09.cpp
  Chapter3_07.cpp
  Chapter3_06.cpp
  Chapter3_03.cpp
  Chapter3_01.cpp
  Chapter6_Exam_01.cpp
  Chapter6_02.cpp
  Chapter6_01.cpp
  Local_Variable.cpp
  cin.cpp
  cout.cpp
  Array_Input.cpp
  코드를 생성하고 있습니다...
  C++Study.vcxproj -> C:\Users\ky3-4\Source\Repos\MyStudy\C++Study\Debug\C++Study.exe
  C++Study.vcxproj -> C:\Users\ky3-4\Source\Repos\MyStudy\C++Study\Debug\C++Study.pdb (Partial PDB)
