  Array_Input.cpp
  2. CallByAddress.cpp
  1. cout.cpp
  2. cin.cpp
  DefaultValue1.cpp
  DefaultValue2.cpp
  DefaultValue3.cpp
  Local_Variable.cpp
  Namespace.cpp
  Namespace2.cpp
  Namespace3.cpp
  OverLoading.cpp
  3. CallByReference.cpp
  UsingNamespace.cpp
  1. CallByValue.cpp
  4. ReferenceArrayElement.cpp
  5. ReferenceFuction.cpp
  6. NotReferenceFunction.cpp
  7. NewAndDelete.cpp
  8. StandardCpp.cpp
  컴파일하고 있습니다...
  1. Struct.cpp
  10. OverRiding.cpp
  11. VirtualClass.cpp
  12. PureVirtualFunction.cpp
  2. FunctionInStruct.cpp
  3. FunctionOuterStruct.cpp
  4. Car.cpp
  4. FileSeperate.cpp
  5. Practice.cpp
  6. Inheritance.cpp
  7. PermissionOfInheritance.cpp
  8. MultipleInheritance.cpp
  9. RelationOfClass.cpp
  1. template.cpp
  2. DifferentType.cpp
  3. TemplateClass.cpp
  5. Assignment Operator.cpp
  1. Vector.cpp
  2. Iterator.cpp
  3. ClassInVector.cpp
  컴파일하고 있습니다...
  4. Operator overloading.cpp
  1. String.cpp
  2. StringAppend.cpp
  3. Method.cpp
  4. RemoveCharInString.cpp
  5. Find.cpp
  6. Replace.cpp
  7. SubString.cpp
  8. Convert.cpp
  Chapter6_01.cpp
  Chapter6_02.cpp
  Chapter6_Exam_01.cpp
  Chapter3_01.cpp
  Chapter3_03.cpp
  Chapter3_06.cpp
  Chapter3_07.cpp
  Chapter3_09.cpp
  Chapter3_10.cpp
  Chapter3_11.cpp
  Chapter3_12.cpp
  컴파일하고 있습니다...
  Chapter4_01.cpp
  Chapter4_02.cpp
  Chapter4_03.cpp
  Chapter4_04.cpp
  Chapter4_05.cpp
  Chapter4_06.cpp
  Chapter4_07.cpp
  Chapter4_08.cpp
  Chapter4_Exam.cpp
  Chapter5_01.cpp
  Chapter5_02.cpp
  Chapter5_03.cpp
  Chapter5_04.cpp
  Chapter5_05.cpp
  Chapter5_Exam_01.cpp
  Chapter5_Exam_02.cpp
  Chapter7_01.cpp
  Chapter7_02.cpp
  Chapter08_Exam_01.cpp
  Chapter8_01.cpp
  코드를 생성하고 있습니다.
  All 111 functions were compiled because no usable IPDB/IOBJ from previous compilation was found.
  코드를 생성했습니다.
  C++Study.vcxproj -> C:\Users\ky3-4\Source\Repos\MyStudy\C++Study\Release\C++Study.exe
  C++Study.vcxproj -> C:\Users\ky3-4\Source\Repos\MyStudy\C++Study\Release\C++Study.pdb (Full PDB)
