c:\users\ky3-4\source\repos\mystudy\c++study\c++study\release\vc140.pdb
c:\users\ky3-4\source\repos\mystudy\c++study\c++study\release\8. standardcpp.obj
c:\users\ky3-4\source\repos\mystudy\c++study\c++study\release\7. newanddelete.obj
c:\users\ky3-4\source\repos\mystudy\c++study\c++study\release\6. notreferencefunction.obj
c:\users\ky3-4\source\repos\mystudy\c++study\c++study\release\5. referencefuction.obj
c:\users\ky3-4\source\repos\mystudy\c++study\c++study\release\4. referencearrayelement.obj
c:\users\ky3-4\source\repos\mystudy\c++study\c++study\release\1. callbyvalue.obj
c:\users\ky3-4\source\repos\mystudy\c++study\c++study\release\usingnamespace.obj
c:\users\ky3-4\source\repos\mystudy\c++study\c++study\release\3. callbyreference.obj
c:\users\ky3-4\source\repos\mystudy\c++study\c++study\release\overloading.obj
c:\users\ky3-4\source\repos\mystudy\c++study\c++study\release\namespace3.obj
c:\users\ky3-4\source\repos\mystudy\c++study\c++study\release\namespace2.obj
c:\users\ky3-4\source\repos\mystudy\c++study\c++study\release\namespace.obj
c:\users\ky3-4\source\repos\mystudy\c++study\c++study\release\local_variable.obj
c:\users\ky3-4\source\repos\mystudy\c++study\c++study\release\defaultvalue3.obj
c:\users\ky3-4\source\repos\mystudy\c++study\c++study\release\defaultvalue2.obj
c:\users\ky3-4\source\repos\mystudy\c++study\c++study\release\defaultvalue1.obj
c:\users\ky3-4\source\repos\mystudy\c++study\c++study\release\2. cin.obj
c:\users\ky3-4\source\repos\mystudy\c++study\c++study\release\1. cout.obj
c:\users\ky3-4\source\repos\mystudy\c++study\c++study\release\2. callbyaddress.obj
c:\users\ky3-4\source\repos\mystudy\c++study\c++study\release\array_input.obj
c:\users\ky3-4\source\repos\mystudy\c++study\c++study\release\3. classinvector.obj
c:\users\ky3-4\source\repos\mystudy\c++study\c++study\release\2. iterator.obj
c:\users\ky3-4\source\repos\mystudy\c++study\c++study\release\1. vector.obj
c:\users\ky3-4\source\repos\mystudy\c++study\c++study\release\5. assignment operator.obj
c:\users\ky3-4\source\repos\mystudy\c++study\c++study\release\3. templateclass.obj
c:\users\ky3-4\source\repos\mystudy\c++study\c++study\release\2. differenttype.obj
c:\users\ky3-4\source\repos\mystudy\c++study\c++study\release\1. template.obj
c:\users\ky3-4\source\repos\mystudy\c++study\c++study\release\9. relationofclass.obj
c:\users\ky3-4\source\repos\mystudy\c++study\c++study\release\8. multipleinheritance.obj
c:\users\ky3-4\source\repos\mystudy\c++study\c++study\release\7. permissionofinheritance.obj
c:\users\ky3-4\source\repos\mystudy\c++study\c++study\release\6. inheritance.obj
c:\users\ky3-4\source\repos\mystudy\c++study\c++study\release\5. practice.obj
c:\users\ky3-4\source\repos\mystudy\c++study\c++study\release\4. fileseperate.obj
c:\users\ky3-4\source\repos\mystudy\c++study\c++study\release\4. car.obj
c:\users\ky3-4\source\repos\mystudy\c++study\c++study\release\3. functionouterstruct.obj
c:\users\ky3-4\source\repos\mystudy\c++study\c++study\release\2. functioninstruct.obj
c:\users\ky3-4\source\repos\mystudy\c++study\c++study\release\12. purevirtualfunction.obj
c:\users\ky3-4\source\repos\mystudy\c++study\c++study\release\11. virtualclass.obj
c:\users\ky3-4\source\repos\mystudy\c++study\c++study\release\10. overriding.obj
c:\users\ky3-4\source\repos\mystudy\c++study\c++study\release\1. struct.obj
c:\users\ky3-4\source\repos\mystudy\c++study\c++study\release\chapter3_12.obj
c:\users\ky3-4\source\repos\mystudy\c++study\c++study\release\chapter3_11.obj
c:\users\ky3-4\source\repos\mystudy\c++study\c++study\release\chapter3_10.obj
c:\users\ky3-4\source\repos\mystudy\c++study\c++study\release\chapter3_09.obj
c:\users\ky3-4\source\repos\mystudy\c++study\c++study\release\chapter3_07.obj
c:\users\ky3-4\source\repos\mystudy\c++study\c++study\release\chapter3_06.obj
c:\users\ky3-4\source\repos\mystudy\c++study\c++study\release\chapter3_03.obj
c:\users\ky3-4\source\repos\mystudy\c++study\c++study\release\chapter3_01.obj
c:\users\ky3-4\source\repos\mystudy\c++study\c++study\release\chapter6_exam_01.obj
c:\users\ky3-4\source\repos\mystudy\c++study\c++study\release\chapter6_02.obj
c:\users\ky3-4\source\repos\mystudy\c++study\c++study\release\chapter6_01.obj
c:\users\ky3-4\source\repos\mystudy\c++study\c++study\release\8. convert.obj
c:\users\ky3-4\source\repos\mystudy\c++study\c++study\release\7. substring.obj
c:\users\ky3-4\source\repos\mystudy\c++study\c++study\release\6. replace.obj
c:\users\ky3-4\source\repos\mystudy\c++study\c++study\release\5. find.obj
c:\users\ky3-4\source\repos\mystudy\c++study\c++study\release\4. removecharinstring.obj
c:\users\ky3-4\source\repos\mystudy\c++study\c++study\release\3. method.obj
c:\users\ky3-4\source\repos\mystudy\c++study\c++study\release\2. stringappend.obj
c:\users\ky3-4\source\repos\mystudy\c++study\c++study\release\1. string.obj
c:\users\ky3-4\source\repos\mystudy\c++study\c++study\release\4. operator overloading.obj
c:\users\ky3-4\source\repos\mystudy\c++study\c++study\release\chapter8_01.obj
c:\users\ky3-4\source\repos\mystudy\c++study\c++study\release\chapter08_exam_01.obj
c:\users\ky3-4\source\repos\mystudy\c++study\c++study\release\chapter7_02.obj
c:\users\ky3-4\source\repos\mystudy\c++study\c++study\release\chapter7_01.obj
c:\users\ky3-4\source\repos\mystudy\c++study\c++study\release\chapter5_exam_02.obj
c:\users\ky3-4\source\repos\mystudy\c++study\c++study\release\chapter5_exam_01.obj
c:\users\ky3-4\source\repos\mystudy\c++study\c++study\release\chapter5_05.obj
c:\users\ky3-4\source\repos\mystudy\c++study\c++study\release\chapter5_04.obj
c:\users\ky3-4\source\repos\mystudy\c++study\c++study\release\chapter5_03.obj
c:\users\ky3-4\source\repos\mystudy\c++study\c++study\release\chapter5_02.obj
c:\users\ky3-4\source\repos\mystudy\c++study\c++study\release\chapter5_01.obj
c:\users\ky3-4\source\repos\mystudy\c++study\c++study\release\chapter4_exam.obj
c:\users\ky3-4\source\repos\mystudy\c++study\c++study\release\chapter4_08.obj
c:\users\ky3-4\source\repos\mystudy\c++study\c++study\release\chapter4_07.obj
c:\users\ky3-4\source\repos\mystudy\c++study\c++study\release\chapter4_06.obj
c:\users\ky3-4\source\repos\mystudy\c++study\c++study\release\chapter4_05.obj
c:\users\ky3-4\source\repos\mystudy\c++study\c++study\release\chapter4_04.obj
c:\users\ky3-4\source\repos\mystudy\c++study\c++study\release\chapter4_03.obj
c:\users\ky3-4\source\repos\mystudy\c++study\c++study\release\chapter4_02.obj
c:\users\ky3-4\source\repos\mystudy\c++study\c++study\release\chapter4_01.obj
c:\users\ky3-4\source\repos\mystudy\c++study\c++study\release\chapterr9_03.obj
c:\users\ky3-4\source\repos\mystudy\c++study\c++study\release\chapter9_02.obj
c:\users\ky3-4\source\repos\mystudy\c++study\c++study\release\chapter9_01.obj
c:\users\ky3-4\source\repos\mystudy\c++study\c++study\release\2. find_if.obj
c:\users\ky3-4\source\repos\mystudy\c++study\c++study\release\1. find.obj
c:\users\ky3-4\source\repos\mystudy\c++study\c++study\release\3. for_each.obj
c:\users\ky3-4\source\repos\mystudy\c++study\c++study\release\4. generate.obj
c:\users\ky3-4\source\repos\mystudy\c++study\c++study\release\6. remove.obj
c:\users\ky3-4\source\repos\mystudy\c++study\c++study\release\5. copy.obj
c:\users\ky3-4\source\repos\mystudy\c++study\c++study\release\7. sort.obj
c:\users\ky3-4\source\repos\mystudy\c++study\c++study\release\8. binary search.obj
c:\users\ky3-4\source\repos\mystudy\c++study\c++study\release\9. accumulate.obj
c:\users\ky3-4\source\repos\mystudy\c++study\c++study\release\8. merge.obj
c:\users\ky3-4\source\repos\mystudy\c++study\c++study\release\10. inner_product.obj
c:\users\ky3-4\source\repos\mystudy\c++study\c++study\release\10. accumulate.obj
c:\users\ky3-4\source\repos\mystudy\c++study\c++study\release\9. merge.obj
c:\users\ky3-4\source\repos\mystudy\c++study\c++study\release\11. inner_product.obj
c:\users\ky3-4\source\repos\mystudy\c++study\release\c++study.exe
c:\users\ky3-4\source\repos\mystudy\c++study\release\c++study.ipdb
c:\users\ky3-4\source\repos\mystudy\c++study\release\c++study.iobj
c:\users\ky3-4\source\repos\mystudy\c++study\release\c++study.pdb
c:\users\ky3-4\source\repos\mystudy\c++study\c++study\release\c++study.tlog\cl.command.1.tlog
c:\users\ky3-4\source\repos\mystudy\c++study\c++study\release\c++study.tlog\cl.read.1.tlog
c:\users\ky3-4\source\repos\mystudy\c++study\c++study\release\c++study.tlog\cl.write.1.tlog
c:\users\ky3-4\source\repos\mystudy\c++study\c++study\release\c++study.tlog\link.command.1.tlog
c:\users\ky3-4\source\repos\mystudy\c++study\c++study\release\c++study.tlog\link.read.1.tlog
c:\users\ky3-4\source\repos\mystudy\c++study\c++study\release\c++study.tlog\link.write.1.tlog
